<?xml version="1.0" encoding="UTF-8"?>
<!-- Generated by org.testng.reporters.JUnitReportReporter -->
<testsuite hostname="Alkesh" failures="0" tests="1" name="com.crmpro.crmselenium.tests.LoginPageTest" time="20.453" errors="0" timestamp="2022-11-22T05:26:58 IST" skipped="0">
  <testcase classname="com.crmpro.crmselenium.tests.LoginPageTest" name="verifyLogin" time="20.453"/>
  <system-out/>
</testsuite> <!-- com.crmpro.crmselenium.tests.LoginPageTest -->
