<?xml version="1.0" encoding="UTF-8"?>
<!-- Generated by org.testng.reporters.JUnitReportReporter -->
<testsuite hostname="Alkesh" failures="0" tests="1" name="com.crmpro.crmselenium.tests.LoginTest" time="18.131" errors="0" timestamp="2022-11-22T05:20:35 IST" skipped="0">
  <testcase classname="com.crmpro.crmselenium.tests.LoginTest" name="verifyLogin" time="18.131"/>
  <system-out/>
</testsuite> <!-- com.crmpro.crmselenium.tests.LoginTest -->
